Added Component: Designator=P2(HDR1X4)
Add component (AddParameter): Name = "LatestRevisionDate"; Value = "17-Jul-2002"; VariantName = "[No Variations]"
Add component (AddParameter): Name = "LatestRevisionNote"; Value = "Re-released for DXP Platform."; VariantName = "[No Variations]"
Add component (AddParameter): Name = "Publisher"; Value = "Altium Limited"; VariantName = "[No Variations]"
Added Component: Designator=P3(HDR1X4)
Add component (AddParameter): Name = "LatestRevisionDate"; Value = "17-Jul-2002"; VariantName = "[No Variations]"
Add component (AddParameter): Name = "LatestRevisionNote"; Value = "Re-released for DXP Platform."; VariantName = "[No Variations]"
Add component (AddParameter): Name = "Publisher"; Value = "Altium Limited"; VariantName = "[No Variations]"
Added Pin To Net: NetName=GND Pin=P2-1
Added Pin To Net: NetName=GND Pin=P3-1
Added Pin To Net: NetName=+5 Pin=P2-4
Added Pin To Net: NetName=+5 Pin=P3-4
Added Net: Name=+5
Added Pin To Net: NetName=lidar_b_rx Pin=J-21
Added Pin To Net: NetName=lidar_b_rx Pin=P3-3
Added Net: Name=lidar_b_rx
Added Pin To Net: NetName=lidar_b_tx Pin=J-22
Added Pin To Net: NetName=lidar_b_tx Pin=P3-2
Added Net: Name=lidar_b_tx
Added Pin To Net: NetName=lidar_f_rx Pin=J-23
Added Pin To Net: NetName=lidar_f_rx Pin=P2-3
Added Net: Name=lidar_f_rx
Added Pin To Net: NetName=lidar_f_tx Pin=J-24
Added Pin To Net: NetName=lidar_f_tx Pin=P2-2
Added Net: Name=lidar_f_tx
Added Member To Class: ClassName=Sheet1 Member=Component P2 Lidar_F
Added Member To Class: ClassName=Sheet1 Member=Component P3 Lidar_B
