Removed Pin From Net: NetName=NetArduino Uno_4 Pin=J1-18
Removed Pin From Net: NetName=NetArduino Uno_5 Pin=J1-19
Removed Pin From Net: NetName=NetArduino Uno_6 Pin=J1-20
Removed Pin From Net: NetName=NetArduino Uno_7 Pin=J1-21
Removed Pin From Net: NetName=NetArduino Uno_SDA Pin=J1-22
Removed Pin From Net: NetName=NetArduino Uno_SCL Pin=J1-23
Removed Pin From Net: NetName=NetArduino Uno_12 Pin=J1-24
Removed Pin From Net: NetName=NetArduino Uno_13 Pin=J1-25
Removed Pin From Net: NetName=NetArduino Uno_10 Pin=J1-26
Removed Pin From Net: NetName=NetArduino Uno_11 Pin=J1-27
Removed Pin From Net: NetName=NetArduino Uno_8 Pin=J1-28
Removed Pin From Net: NetName=NetArduino Uno_9 Pin=J1-29
Removed Pin From Net: NetName=NetArduino Uno_3 Pin=J1-30
Removed Pin From Net: NetName=NetArduino Uno_2 Pin=J1-31
Removed Pin From Net: NetName=NetArduino Uno_1 Pin=J1-32
Removed Pin From Net: NetName=NetArduino Uno_0 Pin=J1-33
Added Pin To Net: NetName=NetArduino Uno_0 Pin=J1-18
Added Pin To Net: NetName=NetArduino Uno_1 Pin=J1-19
Added Pin To Net: NetName=NetArduino Uno_2 Pin=J1-20
Added Pin To Net: NetName=NetArduino Uno_3 Pin=J1-21
Added Pin To Net: NetName=NetArduino Uno_4 Pin=J1-22
Added Pin To Net: NetName=NetArduino Uno_5 Pin=J1-23
Added Pin To Net: NetName=NetArduino Uno_6 Pin=J1-24
Added Pin To Net: NetName=NetArduino Uno_7 Pin=J1-25
Added Pin To Net: NetName=NetArduino Uno_8 Pin=J1-26
Added Pin To Net: NetName=NetArduino Uno_9 Pin=J1-27
Added Pin To Net: NetName=NetArduino Uno_10 Pin=J1-28
Added Pin To Net: NetName=NetArduino Uno_11 Pin=J1-29
Added Pin To Net: NetName=NetArduino Uno_12 Pin=J1-30
Added Pin To Net: NetName=NetArduino Uno_13 Pin=J1-31
Added Pin To Net: NetName=NetArduino Uno_SDA Pin=J1-32
Added Pin To Net: NetName=NetArduino Uno_SCL Pin=J1-33
Added Member To Class: ClassName=Sheet1 Member=Component Arduino Uno
