Copyright 1986-2022 Xilinx, Inc. All Rights Reserved.
---------------------------------------------------------------------------------------------------------------
| Tool Version : Vivado v.2022.1 (win64) Build 3526262 Mon Apr 18 15:48:16 MDT 2022
| Date         : Sun Sep  4 12:01:00 2022
| Host         : XPS-9520 running 64-bit major release  (build 9200)
| Command      : report_drc -file bmp_top_drc_routed.rpt -pb bmp_top_drc_routed.pb -rpx bmp_top_drc_routed.rpx
| Design       : bmp_top
| Device       : xc7z020clg400-1
| Speed File   : -1
| Design State : Fully Routed
---------------------------------------------------------------------------------------------------------------

Report DRC

Table of Contents
-----------------
1. REPORT SUMMARY
2. REPORT DETAILS

1. REPORT SUMMARY
-----------------
            Netlist: netlist
          Floorplan: design_1
      Design limits: <entire design considered>
           Ruledeck: default
             Max violations: <unlimited>
             Violations found: 2
+--------+----------+---------------------------------+------------+
| Rule   | Severity | Description                     | Violations |
+--------+----------+---------------------------------+------------+
| RPBF-3 | Warning  | IO port buffering is incomplete | 1          |
| ZPS7-1 | Warning  | PS7 block required              | 1          |
+--------+----------+---------------------------------+------------+

2. REPORT DETAILS
-----------------
RPBF-3#1 Warning
IO port buffering is incomplete  
Device port ck_sda expects both input and output buffering but the buffers are incomplete.
Related violations: <none>

ZPS7-1#1 Warning
PS7 block required  
The PS7 cell must be used in this Zynq design in order to enable correct default configuration.
Related violations: <none>


