Removed Pin From Net: NetName=GND Pin=C1-2
Removed Pin From Net: NetName=+3.3V Pin=C2-1
Removed Pin From Net: NetName=GND Pin=C2-2
Removed Pin From Net: NetName=+3.3V Pin=C3-1
Removed Pin From Net: NetName=GND Pin=C3-2
Removed Pin From Net: NetName=GND Pin=C4-2
Removed Pin From Net: NetName=+3.3V Pin=C5-1
Removed Pin From Net: NetName=GND Pin=C5-2
Removed Pin From Net: NetName=+3.3V Pin=C6-1
Removed Pin From Net: NetName=GND Pin=C6-2
Removed Pin From Net: NetName=+3.3V Pin=C7-1
Removed Pin From Net: NetName=GND Pin=C7-2
Removed Pin From Net: NetName=+5V Pin=C8-1
Removed Pin From Net: NetName=GND Pin=C8-2
Removed Pin From Net: NetName=+3.3V Pin=Q1-1
Removed Pin From Net: NetName=BMP_SDA Pin=Q1-3
Removed Pin From Net: NetName=+3.3V Pin=Q2-1
Removed Pin From Net: NetName=BMP_SCL Pin=Q2-3
Removed Pin From Net: NetName=GND Pin=R1-1
Removed Pin From Net: NetName=+3.3V Pin=R2-1
Removed Pin From Net: NetName=MPU1_SCL Pin=R2-2
Removed Pin From Net: NetName=+3.3V Pin=R3-1
Removed Pin From Net: NetName=MPU1_SDA Pin=R3-2
Removed Pin From Net: NetName=+3.3V Pin=R4-1
Removed Pin From Net: NetName=GND Pin=R5-1
Removed Pin From Net: NetName=GND Pin=R6-1
Removed Pin From Net: NetName=+3.3V Pin=R7-1
Removed Pin From Net: NetName=+3.3V Pin=R8-1
Removed Pin From Net: NetName=MPU2_SCL Pin=R8-2
Removed Pin From Net: NetName=+3.3V Pin=R9-1
Removed Pin From Net: NetName=MPU2_SDA Pin=R9-2
Removed Pin From Net: NetName=GND Pin=R10-1
Removed Pin From Net: NetName=+3.3V Pin=R11-1
Removed Pin From Net: NetName=+3.3V Pin=R12-1
Removed Pin From Net: NetName=BMP_SDA Pin=R13-1
Removed Pin From Net: NetName=+5V Pin=R13-2
Removed Pin From Net: NetName=BMP_SCL Pin=R14-1
Removed Pin From Net: NetName=+5V Pin=R14-2
Removed Pin From Net: NetName=+3.3V Pin=U1-1
Removed Pin From Net: NetName=+3.3V Pin=U1-8
Removed Pin From Net: NetName=+3.3V Pin=U1-13
Removed Pin From Net: NetName=GND Pin=U1-18
Removed Pin From Net: NetName=GND Pin=U1-20
Removed Pin From Net: NetName=MPU1_SCL Pin=U1-23
Removed Pin From Net: NetName=MPU1_SDA Pin=U1-24
Removed Pin From Net: NetName=+3.3V Pin=U2-1
Removed Pin From Net: NetName=+3.3V Pin=U2-8
Removed Pin From Net: NetName=+3.3V Pin=U2-13
Removed Pin From Net: NetName=GND Pin=U2-18
Removed Pin From Net: NetName=GND Pin=U2-20
Removed Pin From Net: NetName=MPU2_SCL Pin=U2-23
Removed Pin From Net: NetName=MPU2_SDA Pin=U2-24
Removed Pin From Net: NetName=GND Pin=U3-1
Removed Pin From Net: NetName=GND Pin=U3-5
Removed Member From Class: ClassName=Sensors Member=C1
Removed Member From Class: ClassName=Sensors Member=C2
Removed Member From Class: ClassName=Sensors Member=C3
Removed Member From Class: ClassName=Sensors Member=C4
Removed Member From Class: ClassName=Sensors Member=C5
Removed Member From Class: ClassName=Sensors Member=C6
Removed Member From Class: ClassName=Sensors Member=C7
Removed Member From Class: ClassName=Sensors Member=C8
Removed Member From Class: ClassName=Sensors Member=Q1
Removed Member From Class: ClassName=Sensors Member=Q2
Removed Member From Class: ClassName=Sensors Member=R1
Removed Member From Class: ClassName=Sensors Member=R2
Removed Member From Class: ClassName=Sensors Member=R3
Removed Member From Class: ClassName=Sensors Member=R4
Removed Member From Class: ClassName=Sensors Member=R5
Removed Member From Class: ClassName=Sensors Member=R6
Removed Member From Class: ClassName=Sensors Member=R7
Removed Member From Class: ClassName=Sensors Member=R8
Removed Member From Class: ClassName=Sensors Member=R9
Removed Member From Class: ClassName=Sensors Member=R10
Removed Member From Class: ClassName=Sensors Member=R11
Removed Member From Class: ClassName=Sensors Member=R12
Removed Member From Class: ClassName=Sensors Member=R13
Removed Member From Class: ClassName=Sensors Member=R14
Removed Member From Class: ClassName=Sensors Member=U1
Removed Member From Class: ClassName=Sensors Member=U2
Removed Member From Class: ClassName=Sensors Member=U3
Change Component Designator: OldDesignator=J NewDesignator=J1
Added Component: Designator=P11(HDR1X10)
Add component (AddParameter): Name = "LatestRevisionDate"; Value = "17-Jul-2002"; VariantName = "[No Variations]"
Add component (AddParameter): Name = "LatestRevisionNote"; Value = "Re-released for DXP Platform."; VariantName = "[No Variations]"
Add component (AddParameter): Name = "Publisher"; Value = "Altium Limited"; VariantName = "[No Variations]"
Added Component: Designator=P12(HDR1X10)
Add component (AddParameter): Name = "LatestRevisionDate"; Value = "17-Jul-2002"; VariantName = "[No Variations]"
Add component (AddParameter): Name = "LatestRevisionNote"; Value = "Re-released for DXP Platform."; VariantName = "[No Variations]"
Add component (AddParameter): Name = "Publisher"; Value = "Altium Limited"; VariantName = "[No Variations]"
Added Component: Designator=P13(HDR1X6)
Add component (AddParameter): Name = "LatestRevisionDate"; Value = "17-Jul-2002"; VariantName = "[No Variations]"
Add component (AddParameter): Name = "LatestRevisionNote"; Value = "Re-released for DXP Platform."; VariantName = "[No Variations]"
Add component (AddParameter): Name = "Publisher"; Value = "Altium Limited"; VariantName = "[No Variations]"
Added Pin To Net: NetName=+3.3V Pin=P11-1
Added Pin To Net: NetName=GND Pin=P11-2
Added Pin To Net: NetName=MPU1_SCL Pin=P11-3
Added Pin To Net: NetName=MPU1_SDA Pin=P11-4
Added Pin To Net: NetName=+3.3V Pin=P12-1
Added Pin To Net: NetName=GND Pin=P12-2
Added Pin To Net: NetName=MPU2_SCL Pin=P12-3
Added Pin To Net: NetName=MPU2_SDA Pin=P12-4
Added Pin To Net: NetName=+3.3V Pin=P13-1
Added Pin To Net: NetName=GND Pin=P13-2
Added Pin To Net: NetName=BMP_SCL Pin=P13-3
Added Pin To Net: NetName=BMP_SDA Pin=P13-4
Change Net Name : Old Net Name=NetJ_38 New Net Name=NetJ1_38
Change Net Name : Old Net Name=NetJ_39 New Net Name=NetJ1_39
Change Net Name : Old Net Name=NetJ_40 New Net Name=NetJ1_40
Added Member To Class: ClassName=Sheet1 Member=Component P7 PPM_PYNQ_Encoder
Added Member To Class: ClassName=Sensors Member=Component P11 IMU1
Added Member To Class: ClassName=Sensors Member=Component P12 IMU2
Added Member To Class: ClassName=Sensors Member=Component P13 BMP280
