Added Component: Designator=Arduino Uno(ARDUINO UNO)
Added Pin To Net: NetName=GND Pin=Arduino Uno-GND1
Added Pin To Net: NetName=GND Pin=Arduino Uno-GND2
Added Pin To Net: NetName=GND Pin=Arduino Uno-GND3
Added Pin To Net: NetName=NetArduino Uno_0 Pin=Arduino Uno-0
Added Pin To Net: NetName=NetArduino Uno_0 Pin=J1-27
Added Net: Name=NetArduino Uno_0
Added Pin To Net: NetName=NetArduino Uno_1 Pin=Arduino Uno-1
Added Pin To Net: NetName=NetArduino Uno_1 Pin=J1-28
Added Net: Name=NetArduino Uno_1
Added Pin To Net: NetName=NetArduino Uno_2 Pin=Arduino Uno-2
Added Pin To Net: NetName=NetArduino Uno_2 Pin=J1-29
Added Net: Name=NetArduino Uno_2
Added Pin To Net: NetName=NetArduino Uno_3.3V Pin=Arduino Uno-3.3V
Added Pin To Net: NetName=NetArduino Uno_3.3V Pin=J1-9
Added Net: Name=NetArduino Uno_3.3V
Added Pin To Net: NetName=NetArduino Uno_3 Pin=Arduino Uno-3
Added Pin To Net: NetName=NetArduino Uno_3 Pin=J1-30
Added Net: Name=NetArduino Uno_3
Added Pin To Net: NetName=NetArduino Uno_4 Pin=Arduino Uno-4
Added Pin To Net: NetName=NetArduino Uno_4 Pin=J1-32
Added Net: Name=NetArduino Uno_4
Added Pin To Net: NetName=NetArduino Uno_5 Pin=Arduino Uno-5
Added Pin To Net: NetName=NetArduino Uno_5 Pin=J1-31
Added Net: Name=NetArduino Uno_5
Added Pin To Net: NetName=NetArduino Uno_5V Pin=Arduino Uno-5V
Added Pin To Net: NetName=NetArduino Uno_5V Pin=J1-7
Added Pin To Net: NetName=NetArduino Uno_5V Pin=J1-8
Added Net: Name=NetArduino Uno_5V
Added Pin To Net: NetName=NetArduino Uno_6 Pin=Arduino Uno-6
Added Pin To Net: NetName=NetArduino Uno_6 Pin=J1-34
Added Net: Name=NetArduino Uno_6
Added Pin To Net: NetName=NetArduino Uno_7 Pin=Arduino Uno-7
Added Pin To Net: NetName=NetArduino Uno_7 Pin=J1-33
Added Net: Name=NetArduino Uno_7
Added Pin To Net: NetName=NetArduino Uno_8 Pin=Arduino Uno-8
Added Pin To Net: NetName=NetArduino Uno_8 Pin=J1-35
Added Net: Name=NetArduino Uno_8
Added Pin To Net: NetName=NetArduino Uno_9 Pin=Arduino Uno-9
Added Pin To Net: NetName=NetArduino Uno_9 Pin=J1-36
Added Net: Name=NetArduino Uno_9
Added Pin To Net: NetName=NetArduino Uno_10 Pin=Arduino Uno-10
Added Pin To Net: NetName=NetArduino Uno_10 Pin=J1-37
Added Net: Name=NetArduino Uno_10
Added Pin To Net: NetName=NetArduino Uno_11 Pin=Arduino Uno-11
Added Pin To Net: NetName=NetArduino Uno_11 Pin=J1-38
Added Net: Name=NetArduino Uno_11
Added Pin To Net: NetName=NetArduino Uno_12 Pin=Arduino Uno-12
Added Pin To Net: NetName=NetArduino Uno_12 Pin=J1-39
Added Net: Name=NetArduino Uno_12
Added Pin To Net: NetName=NetArduino Uno_13 Pin=Arduino Uno-13
Added Pin To Net: NetName=NetArduino Uno_13 Pin=J1-40
Added Net: Name=NetArduino Uno_13
Added Pin To Net: NetName=NetArduino Uno_A0 Pin=Arduino Uno-A0
Added Pin To Net: NetName=NetArduino Uno_A0 Pin=J1-15
Added Net: Name=NetArduino Uno_A0
Added Pin To Net: NetName=NetArduino Uno_A1 Pin=Arduino Uno-A1
Added Pin To Net: NetName=NetArduino Uno_A1 Pin=J1-14
Added Net: Name=NetArduino Uno_A1
Added Pin To Net: NetName=NetArduino Uno_A2 Pin=Arduino Uno-A2
Added Pin To Net: NetName=NetArduino Uno_A2 Pin=J1-13
Added Net: Name=NetArduino Uno_A2
Added Pin To Net: NetName=NetArduino Uno_A3 Pin=Arduino Uno-A3
Added Pin To Net: NetName=NetArduino Uno_A3 Pin=J1-12
Added Net: Name=NetArduino Uno_A3
Added Pin To Net: NetName=NetArduino Uno_A4 Pin=Arduino Uno-A4
Added Pin To Net: NetName=NetArduino Uno_A4 Pin=J1-11
Added Net: Name=NetArduino Uno_A4
Added Pin To Net: NetName=NetArduino Uno_A5 Pin=Arduino Uno-A5
Added Pin To Net: NetName=NetArduino Uno_A5 Pin=J1-10
Added Net: Name=NetArduino Uno_A5
Added Pin To Net: NetName=NetArduino Uno_SCL Pin=Arduino Uno-SCL
Added Pin To Net: NetName=NetArduino Uno_SCL Pin=J1-24
Added Net: Name=NetArduino Uno_SCL
Added Pin To Net: NetName=NetArduino Uno_SDA Pin=Arduino Uno-SDA
Added Pin To Net: NetName=NetArduino Uno_SDA Pin=J1-25
Added Net: Name=NetArduino Uno_SDA
Added Member To Class: ClassName=Sheet1 Member=Component Arduino Uno
