Added Component: Designator=J1(GCT_FFC2B28-40-G)
Add component (AddParameter): Name = "Availability"; Value = "Unavailable"; VariantName = "[No Variations]"
Add component (AddParameter): Name = "MF"; Value = "Global Connector Technology"; VariantName = "[No Variations]"
Add component (AddParameter): Name = "MP"; Value = "FFC2B28-40-G"; VariantName = "[No Variations]"
Add component (AddParameter): Name = "Package"; Value = "Package Analog Devices"; VariantName = "[No Variations]"
Add component (AddParameter): Name = "Price"; Value = "None"; VariantName = "[No Variations]"
Add component (AddParameter): Name = "SnapEDA_Link"; Value = "https://www.snapeda.com/parts/FFC2B28-40-G/Global%20Connector%20Technology/view-part/4223068/?ref=snap"; VariantName = "[No Variations]"
Add component (AddParameter): Name = "Value"; Value = ""; VariantName = "[No Variations]"
Added Pin To Net: NetName=GND Pin=J1-1
Added Pin To Net: NetName=GND Pin=J1-2
Added Pin To Net: NetName=GND Pin=J1-3
Added Pin To Net: NetName=GND Pin=J1-S1
Added Pin To Net: NetName=GND Pin=J1-S2
Added Pin To Net: NetName=NetJ1_5 Pin=J1-5
Added Pin To Net: NetName=NetJ1_5 Pin=J1-6
Added Net: Name=NetJ1_5
Added Pin To Net: NetName=NetJ1_7 Pin=J1-7
Added Pin To Net: NetName=NetJ1_7 Pin=J1-8
Added Net: Name=NetJ1_7
Added Pin To Net: NetName=NetJ1_9 Pin=J1-9
Added Net: Name=NetJ1_9
Added Pin To Net: NetName=NetJ1_10 Pin=J1-10
Added Net: Name=NetJ1_10
Added Pin To Net: NetName=NetJ1_11 Pin=J1-11
Added Net: Name=NetJ1_11
Added Pin To Net: NetName=NetJ1_12 Pin=J1-12
Added Net: Name=NetJ1_12
Added Pin To Net: NetName=NetJ1_13 Pin=J1-13
Added Net: Name=NetJ1_13
Added Pin To Net: NetName=NetJ1_14 Pin=J1-14
Added Net: Name=NetJ1_14
Added Pin To Net: NetName=NetJ1_15 Pin=J1-15
Added Net: Name=NetJ1_15
Added Pin To Net: NetName=NetJ1_16 Pin=J1-16
Added Net: Name=NetJ1_16
Added Pin To Net: NetName=NetJ1_17 Pin=J1-17
Added Net: Name=NetJ1_17
Added Pin To Net: NetName=NetJ1_18 Pin=J1-18
Added Net: Name=NetJ1_18
Added Pin To Net: NetName=NetJ1_19 Pin=J1-19
Added Net: Name=NetJ1_19
Added Pin To Net: NetName=NetJ1_20 Pin=J1-20
Added Net: Name=NetJ1_20
Added Pin To Net: NetName=NetJ1_21 Pin=J1-21
Added Net: Name=NetJ1_21
Added Pin To Net: NetName=NetJ1_22 Pin=J1-22
Added Net: Name=NetJ1_22
Added Pin To Net: NetName=NetJ1_23 Pin=J1-23
Added Net: Name=NetJ1_23
Added Pin To Net: NetName=NetJ1_24 Pin=J1-24
Added Net: Name=NetJ1_24
Added Pin To Net: NetName=NetJ1_25 Pin=J1-25
Added Net: Name=NetJ1_25
Added Pin To Net: NetName=NetJ1_26 Pin=J1-26
Added Net: Name=NetJ1_26
Added Pin To Net: NetName=NetJ1_27 Pin=J1-27
Added Net: Name=NetJ1_27
Added Pin To Net: NetName=NetJ1_28 Pin=J1-28
Added Net: Name=NetJ1_28
Added Pin To Net: NetName=NetJ1_29 Pin=J1-29
Added Net: Name=NetJ1_29
Added Pin To Net: NetName=NetJ1_30 Pin=J1-30
Added Net: Name=NetJ1_30
Added Pin To Net: NetName=NetJ1_31 Pin=J1-31
Added Net: Name=NetJ1_31
Added Pin To Net: NetName=NetJ1_32 Pin=J1-32
Added Net: Name=NetJ1_32
Added Pin To Net: NetName=NetJ1_33 Pin=J1-33
Added Net: Name=NetJ1_33
Added Pin To Net: NetName=NetJ1_34 Pin=J1-34
Added Net: Name=NetJ1_34
Added Pin To Net: NetName=NetJ1_35 Pin=J1-35
Added Net: Name=NetJ1_35
Added Pin To Net: NetName=NetJ1_36 Pin=J1-36
Added Net: Name=NetJ1_36
Added Pin To Net: NetName=NetJ1_37 Pin=J1-37
Added Net: Name=NetJ1_37
Added Pin To Net: NetName=NetJ1_38 Pin=J1-38
Added Net: Name=NetJ1_38
Added Pin To Net: NetName=NetJ1_39 Pin=J1-39
Added Net: Name=NetJ1_39
Added Pin To Net: NetName=NetJ1_40 Pin=J1-40
Added Net: Name=NetJ1_40
Added Member To Class: ClassName=Sheet1 Member=Component J1 FFC2B28-40-G
