Change Component Designator: OldDesignator= NewDesignator=Arduino Uno
Added Component: Designator=J(GCT_FFC2B28-40-G)
Add component (AddParameter): Name = "Availability"; Value = "Unavailable"; VariantName = "[No Variations]"
Add component (AddParameter): Name = "MF"; Value = "Global Connector Technology"; VariantName = "[No Variations]"
Add component (AddParameter): Name = "MP"; Value = "FFC2B28-40-G"; VariantName = "[No Variations]"
Add component (AddParameter): Name = "Package"; Value = "Package Analog Devices"; VariantName = "[No Variations]"
Add component (AddParameter): Name = "Price"; Value = "None"; VariantName = "[No Variations]"
Add component (AddParameter): Name = "SnapEDA_Link"; Value = "https://www.snapeda.com/parts/FFC2B28-40-G/Global%20Connector%20Technology/view-part/4223068/?ref=snap"; VariantName = "[No Variations]"
Add component (AddParameter): Name = "Value"; Value = ""; VariantName = "[No Variations]"
Added Pin To Net: NetName=GND Pin=J-1
Added Pin To Net: NetName=GND Pin=J-2
Added Pin To Net: NetName=GND Pin=J-3
Added Pin To Net: NetName=+12 Pin=J-5
Added Pin To Net: NetName=+12 Pin=J-6
Added Pin To Net: NetName=+12 Pin=J-7
Added Pin To Net: NetName=+5 Pin=J-8
Added Pin To Net: NetName=+3.3 Pin=J-9
Added Pin To Net: NetName=GND Pin=J-S1
Added Pin To Net: NetName=GND Pin=J-S2
Added Member To Class: ClassName=Sheet1 Member=Component J FFC2B28-40-G
